2021/02/10 11:19:05 [INFO] Terraform version: 0.13.3  
2021/02/10 11:19:05 [INFO] Go runtime version: go1.14.7
2021/02/10 11:19:05 [INFO] CLI args: []string{"/usr/local/bin/terraform", "destroy"}
2021/02/10 11:19:05 [DEBUG] Attempting to open CLI config file: /Users/adeleporte/.terraformrc
2021/02/10 11:19:05 [DEBUG] File doesn't exist, but doesn't need to. Ignoring.
2021/02/10 11:19:05 [DEBUG] checking for credentials in "/Users/adeleporte/.terraform.d/plugins"
2021/02/10 11:19:05 [DEBUG] ignoring non-existing provider search directory terraform.d/plugins
2021/02/10 11:19:05 [DEBUG] will search for provider plugins in /Users/adeleporte/.terraform.d/plugins
2021/02/10 11:19:05 [TRACE] getproviders.SearchLocalDirectory: /Users/adeleporte/.terraform.d/plugins is a symlink to /Users/adeleporte/.terraform.d/plugins
2021/02/10 11:19:05 [TRACE] getproviders.SearchLocalDirectory: found adeleporte.com/edu/ctoa v0.1.0 for darwin_amd64 at /Users/adeleporte/.terraform.d/plugins/adeleporte.com/edu/ctoa/0.1/darwin_amd64
2021/02/10 11:19:05 [WARN] local provider path "/Users/adeleporte/.terraform.d/plugins/vcn.cloud/edu/.DS_Store" contains invalid type ".DS_Store"; ignoring
2021/02/10 11:19:05 [WARN] ignoring file "vcn.cloud/edu/hcx/.DS_Store" as possible package for vcn.cloud/edu/hcx: filename lacks expected prefix "terraform-provider-hcx_"
2021/02/10 11:19:05 [TRACE] getproviders.SearchLocalDirectory: found vcn.cloud/edu/hcx v0.1.0 for darwin_amd64 at /Users/adeleporte/.terraform.d/plugins/vcn.cloud/edu/hcx/0.1/darwin_amd64
2021/02/10 11:19:05 [WARN] ignoring file "vcn.cloud/edu/hcxmgmt/.DS_Store" as possible package for vcn.cloud/edu/hcxmgmt: filename lacks expected prefix "terraform-provider-hcxmgmt_"
2021/02/10 11:19:05 [TRACE] getproviders.SearchLocalDirectory: found vcn.cloud/edu/hcxmgmt v0.1.0 for darwin_amd64 at /Users/adeleporte/.terraform.d/plugins/vcn.cloud/edu/hcxmgmt/0.1/darwin_amd64
2021/02/10 11:19:05 [TRACE] getproviders.SearchLocalDirectory: found vcn.cloud/edu/velocloud v0.1.0 for darwin_amd64 at /Users/adeleporte/.terraform.d/plugins/vcn.cloud/edu/velocloud/0.1/darwin_amd64
2021/02/10 11:19:05 [DEBUG] ignoring non-existing provider search directory /Users/adeleporte/Library/Application Support/io.terraform/plugins
2021/02/10 11:19:05 [DEBUG] ignoring non-existing provider search directory /Library/Application Support/io.terraform/plugins
2021/02/10 11:19:05 [INFO] CLI command args: []string{"destroy"}
2021/02/10 11:19:05 [TRACE] Meta.Backend: no config given or present on disk, so returning nil config
2021/02/10 11:19:05 [TRACE] Meta.Backend: backend has not previously been initialized in this working directory
2021/02/10 11:19:05 [DEBUG] New state was assigned lineage "892dd6e8-2bed-f649-828f-a061121dbf85"
2021/02/10 11:19:05 [TRACE] Meta.Backend: using default local state only (no backend configuration, and no existing initialized backend)
2021/02/10 11:19:05 [TRACE] Meta.Backend: instantiated backend of type <nil>
2021/02/10 11:19:05 [TRACE] providercache.fillMetaCache: scanning directory .terraform/plugins
2021/02/10 11:19:05 [TRACE] getproviders.SearchLocalDirectory: .terraform/plugins is a symlink to .terraform/plugins
2021/02/10 11:19:05 [TRACE] getproviders.SearchLocalDirectory: found adeleporte.com/edu/ctoa v0.1.0 for darwin_amd64 at .terraform/plugins/adeleporte.com/edu/ctoa/0.1.0/darwin_amd64
2021/02/10 11:19:05 [TRACE] providercache.fillMetaCache: including .terraform/plugins/adeleporte.com/edu/ctoa/0.1.0/darwin_amd64 as a candidate package for adeleporte.com/edu/ctoa 0.1.0
2021/02/10 11:19:05 [DEBUG] checking for provisioner in "."
2021/02/10 11:19:05 [DEBUG] checking for provisioner in "/usr/local/bin"
2021/02/10 11:19:05 [DEBUG] checking for provisioner in "/Users/adeleporte/.terraform.d/plugins"
2021/02/10 11:19:05 [INFO] Failed to read plugin lock file .terraform/plugins/darwin_amd64/lock.json: open .terraform/plugins/darwin_amd64/lock.json: no such file or directory
2021/02/10 11:19:05 [TRACE] Meta.Backend: backend <nil> does not support operations, so wrapping it in a local backend
2021/02/10 11:19:05 [INFO] backend/local: starting Apply operation
2021/02/10 11:19:05 [TRACE] backend/local: requesting state manager for workspace "default"
2021/02/10 11:19:05 [TRACE] backend/local: state manager for workspace "default" will:
 - read initial snapshot from terraform.tfstate
 - write new snapshots to terraform.tfstate
 - create any backup at terraform.tfstate.backup
2021/02/10 11:19:05 [TRACE] backend/local: requesting state lock for workspace "default"
2021/02/10 11:19:05 [TRACE] statemgr.Filesystem: preparing to manage state snapshots at terraform.tfstate
2021/02/10 11:19:05 [TRACE] statemgr.Filesystem: existing snapshot has lineage "ab85a2b0-51b8-ba53-02d2-173f372e9c39" serial 11
2021/02/10 11:19:05 [TRACE] statemgr.Filesystem: locking terraform.tfstate using fcntl flock
2021/02/10 11:19:05 [TRACE] statemgr.Filesystem: writing lock metadata to .terraform.tfstate.lock.info
2021/02/10 11:19:05 [TRACE] backend/local: reading remote state for workspace "default"
2021/02/10 11:19:05 [TRACE] statemgr.Filesystem: reading latest snapshot from terraform.tfstate
2021/02/10 11:19:05 [TRACE] statemgr.Filesystem: read snapshot with lineage "ab85a2b0-51b8-ba53-02d2-173f372e9c39" serial 11
2021/02/10 11:19:05 [TRACE] backend/local: retrieving local state snapshot for workspace "default"
2021/02/10 11:19:05 [TRACE] backend/local: building context for current working directory
2021/02/10 11:19:05 [TRACE] terraform.NewContext: starting
2021/02/10 11:19:05 [TRACE] terraform.NewContext: loading provider schemas
2021/02/10 11:19:05 [TRACE] LoadSchemas: retrieving schema for provider type "adeleporte.com/edu/ctoa"
2021-02-10T11:19:05.672+0100 [INFO]  plugin: configuring client automatic mTLS
2021-02-10T11:19:05.696+0100 [DEBUG] plugin: starting plugin: path=.terraform/plugins/adeleporte.com/edu/ctoa/0.1.0/darwin_amd64/terraform-provider-ctoa args=[.terraform/plugins/adeleporte.com/edu/ctoa/0.1.0/darwin_amd64/terraform-provider-ctoa]
2021-02-10T11:19:05.698+0100 [DEBUG] plugin: plugin started: path=.terraform/plugins/adeleporte.com/edu/ctoa/0.1.0/darwin_amd64/terraform-provider-ctoa pid=20509
2021-02-10T11:19:05.698+0100 [DEBUG] plugin: waiting for RPC address: path=.terraform/plugins/adeleporte.com/edu/ctoa/0.1.0/darwin_amd64/terraform-provider-ctoa
2021-02-10T11:19:05.708+0100 [INFO]  plugin.terraform-provider-ctoa: configuring server automatic mTLS: timestamp=2021-02-10T11:19:05.708+0100
2021-02-10T11:19:05.735+0100 [DEBUG] plugin.terraform-provider-ctoa: plugin address: address=/var/folders/8j/8vps82vn4nx4kch94m513p4r0000gp/T/plugin101528192 network=unix timestamp=2021-02-10T11:19:05.735+0100
2021-02-10T11:19:05.735+0100 [DEBUG] plugin: using plugin: version=5
2021/02/10 11:19:05 [TRACE] GRPCProvider: GetSchema
2021-02-10T11:19:05.785+0100 [TRACE] plugin.stdio: waiting for stdio data
2021/02/10 11:19:05 [TRACE] GRPCProvider: Close
2021-02-10T11:19:05.787+0100 [WARN]  plugin.stdio: received EOF, stopping recv loop: err="rpc error: code = Unavailable desc = transport is closing"
2021-02-10T11:19:05.788+0100 [DEBUG] plugin: plugin process exited: path=.terraform/plugins/adeleporte.com/edu/ctoa/0.1.0/darwin_amd64/terraform-provider-ctoa pid=20509
2021-02-10T11:19:05.788+0100 [DEBUG] plugin: plugin exited
2021/02/10 11:19:05 [TRACE] terraform.NewContext: complete
2021/02/10 11:19:05 [TRACE] backend/local: finished building terraform.Context
2021/02/10 11:19:05 [TRACE] backend/local: requesting interactive input, if necessary
2021/02/10 11:19:05 [TRACE] Context.Input: Prompting for provider arguments
2021/02/10 11:19:05 [TRACE] Context.Input: Provider provider.ctoa declared at main.tf:10,1-16
2021/02/10 11:19:05 [TRACE] Context.Input: Input for provider.ctoa: map[string]cty.Value{}
2021/02/10 11:19:05 [TRACE] backend/local: running validation operation
2021/02/10 11:19:05 [INFO] terraform: building graph: GraphTypeValidate
2021/02/10 11:19:05 [TRACE] Executing graph transform *terraform.ConfigTransformer
2021/02/10 11:19:05 [TRACE] ConfigTransformer: Starting for path: 
2021/02/10 11:19:05 [TRACE] Completed graph transform *terraform.ConfigTransformer with new graph:
  ctoa_people.deleporte - *terraform.NodeValidatableResource
  ------
2021/02/10 11:19:05 [TRACE] Executing graph transform *terraform.LocalTransformer
2021/02/10 11:19:05 [TRACE] Completed graph transform *terraform.LocalTransformer (no changes)
2021/02/10 11:19:05 [TRACE] Executing graph transform *terraform.OutputTransformer
2021/02/10 11:19:05 [TRACE] Completed graph transform *terraform.OutputTransformer (no changes)
2021/02/10 11:19:05 [TRACE] Executing graph transform *terraform.OrphanResourceInstanceTransformer
2021/02/10 11:19:05 [TRACE] Completed graph transform *terraform.OrphanResourceInstanceTransformer (no changes)
2021/02/10 11:19:05 [TRACE] Executing graph transform *terraform.StateTransformer
2021/02/10 11:19:05 [TRACE] StateTransformer: state is empty, so nothing to do
2021/02/10 11:19:05 [TRACE] Completed graph transform *terraform.StateTransformer (no changes)
2021/02/10 11:19:05 [TRACE] Executing graph transform *terraform.OrphanOutputTransformer
2021/02/10 11:19:05 [TRACE] Completed graph transform *terraform.OrphanOutputTransformer (no changes)
2021/02/10 11:19:05 [TRACE] Executing graph transform *terraform.AttachResourceConfigTransformer
2021/02/10 11:19:05 [TRACE] AttachResourceConfigTransformer: attaching to "ctoa_people.deleporte" (*terraform.NodeValidatableResource) config from main.tf:14,1-35
2021/02/10 11:19:05 [TRACE] AttachResourceConfigTransformer: attaching provider meta configs to ctoa_people.deleporte
2021/02/10 11:19:05 [TRACE] Completed graph transform *terraform.AttachResourceConfigTransformer (no changes)
2021/02/10 11:19:05 [TRACE] Executing graph transform *terraform.AttachStateTransformer
2021/02/10 11:19:05 [TRACE] Completed graph transform *terraform.AttachStateTransformer (no changes)
2021/02/10 11:19:05 [TRACE] Executing graph transform *terraform.RootVariableTransformer
2021/02/10 11:19:05 [TRACE] Completed graph transform *terraform.RootVariableTransformer (no changes)
2021/02/10 11:19:05 [TRACE] Executing graph transform *terraform.MissingProvisionerTransformer
2021/02/10 11:19:05 [TRACE] Completed graph transform *terraform.MissingProvisionerTransformer (no changes)
2021/02/10 11:19:05 [TRACE] Executing graph transform *terraform.ProvisionerTransformer
2021/02/10 11:19:05 [TRACE] Completed graph transform *terraform.ProvisionerTransformer (no changes)
2021/02/10 11:19:05 [TRACE] Executing graph transform *terraform.ModuleVariableTransformer
2021/02/10 11:19:05 [TRACE] Completed graph transform *terraform.ModuleVariableTransformer (no changes)
2021/02/10 11:19:05 [TRACE] Executing graph transform *terraform.graphTransformerMulti
2021/02/10 11:19:05 [TRACE] (graphTransformerMulti) Executing graph transform *terraform.ProviderConfigTransformer
2021/02/10 11:19:05 [TRACE] ProviderConfigTransformer: attaching to "provider[\"adeleporte.com/edu/ctoa\"]" provider configuration from main.tf:10,1-16
2021/02/10 11:19:05 [TRACE] (graphTransformerMulti) Completed graph transform *terraform.ProviderConfigTransformer with new graph:
  ctoa_people.deleporte - *terraform.NodeValidatableResource
  provider["adeleporte.com/edu/ctoa"] - *terraform.NodeApplyableProvider
  ------
2021/02/10 11:19:05 [TRACE] (graphTransformerMulti) Executing graph transform *terraform.MissingProviderTransformer
2021/02/10 11:19:05 [TRACE] (graphTransformerMulti) Completed graph transform *terraform.MissingProviderTransformer (no changes)
2021/02/10 11:19:05 [TRACE] (graphTransformerMulti) Executing graph transform *terraform.ProviderTransformer
2021/02/10 11:19:05 [TRACE] ProviderTransformer: exact match for provider["adeleporte.com/edu/ctoa"] serving ctoa_people.deleporte
2021/02/10 11:19:05 [DEBUG] ProviderTransformer: "ctoa_people.deleporte" (*terraform.NodeValidatableResource) needs provider["adeleporte.com/edu/ctoa"]
2021/02/10 11:19:05 [TRACE] (graphTransformerMulti) Completed graph transform *terraform.ProviderTransformer with new graph:
  ctoa_people.deleporte - *terraform.NodeValidatableResource
    provider["adeleporte.com/edu/ctoa"] - *terraform.NodeApplyableProvider
  provider["adeleporte.com/edu/ctoa"] - *terraform.NodeApplyableProvider
  ------
2021/02/10 11:19:05 [TRACE] (graphTransformerMulti) Executing graph transform *terraform.PruneProviderTransformer
2021/02/10 11:19:05 [TRACE] (graphTransformerMulti) Completed graph transform *terraform.PruneProviderTransformer (no changes)
2021/02/10 11:19:05 [TRACE] (graphTransformerMulti) Executing graph transform *terraform.ParentProviderTransformer
2021/02/10 11:19:05 [TRACE] (graphTransformerMulti) Completed graph transform *terraform.ParentProviderTransformer (no changes)
2021/02/10 11:19:05 [TRACE] Completed graph transform *terraform.graphTransformerMulti with new graph:
  ctoa_people.deleporte - *terraform.NodeValidatableResource
    provider["adeleporte.com/edu/ctoa"] - *terraform.NodeApplyableProvider
  provider["adeleporte.com/edu/ctoa"] - *terraform.NodeApplyableProvider
  ------
2021/02/10 11:19:05 [TRACE] Executing graph transform *terraform.RemovedModuleTransformer
2021/02/10 11:19:05 [TRACE] Completed graph transform *terraform.RemovedModuleTransformer (no changes)
2021/02/10 11:19:05 [TRACE] Executing graph transform *terraform.AttachSchemaTransformer
2021/02/10 11:19:05 [TRACE] AttachSchemaTransformer: attaching resource schema to ctoa_people.deleporte
2021/02/10 11:19:05 [TRACE] AttachSchemaTransformer: attaching provider config schema to provider["adeleporte.com/edu/ctoa"]
2021/02/10 11:19:05 [TRACE] Completed graph transform *terraform.AttachSchemaTransformer (no changes)
2021/02/10 11:19:05 [TRACE] Executing graph transform *terraform.ModuleExpansionTransformer
2021/02/10 11:19:05 [TRACE] Completed graph transform *terraform.ModuleExpansionTransformer (no changes)
2021/02/10 11:19:05 [TRACE] Executing graph transform *terraform.ReferenceTransformer
2021/02/10 11:19:05 [DEBUG] ReferenceTransformer: "provider[\"adeleporte.com/edu/ctoa\"]" references: []
2021/02/10 11:19:05 [DEBUG] ReferenceTransformer: "ctoa_people.deleporte" references: []
2021/02/10 11:19:05 [TRACE] Completed graph transform *terraform.ReferenceTransformer (no changes)
2021/02/10 11:19:05 [TRACE] Executing graph transform *terraform.attachDataResourceDependenciesTransformer
2021/02/10 11:19:05 [TRACE] Completed graph transform *terraform.attachDataResourceDependenciesTransformer (no changes)
2021/02/10 11:19:05 [TRACE] Executing graph transform *terraform.TargetsTransformer
2021/02/10 11:19:05 [TRACE] Completed graph transform *terraform.TargetsTransformer (no changes)
2021/02/10 11:19:05 [TRACE] Executing graph transform *terraform.ForcedCBDTransformer
2021/02/10 11:19:05 [TRACE] Completed graph transform *terraform.ForcedCBDTransformer (no changes)
2021/02/10 11:19:05 [TRACE] Executing graph transform *terraform.CountBoundaryTransformer
2021/02/10 11:19:05 [TRACE] Completed graph transform *terraform.CountBoundaryTransformer with new graph:
  ctoa_people.deleporte - *terraform.NodeValidatableResource
    provider["adeleporte.com/edu/ctoa"] - *terraform.NodeApplyableProvider
  meta.count-boundary (EachMode fixup) - *terraform.NodeCountBoundary
    ctoa_people.deleporte - *terraform.NodeValidatableResource
    provider["adeleporte.com/edu/ctoa"] - *terraform.NodeApplyableProvider
  provider["adeleporte.com/edu/ctoa"] - *terraform.NodeApplyableProvider
  ------
2021/02/10 11:19:05 [TRACE] Executing graph transform *terraform.CloseProviderTransformer
2021/02/10 11:19:05 [TRACE] Completed graph transform *terraform.CloseProviderTransformer with new graph:
  ctoa_people.deleporte - *terraform.NodeValidatableResource
    provider["adeleporte.com/edu/ctoa"] - *terraform.NodeApplyableProvider
  meta.count-boundary (EachMode fixup) - *terraform.NodeCountBoundary
    ctoa_people.deleporte - *terraform.NodeValidatableResource
    provider["adeleporte.com/edu/ctoa"] - *terraform.NodeApplyableProvider
  provider["adeleporte.com/edu/ctoa"] - *terraform.NodeApplyableProvider
  provider["adeleporte.com/edu/ctoa"] (close) - *terraform.graphNodeCloseProvider
    ctoa_people.deleporte - *terraform.NodeValidatableResource
    provider["adeleporte.com/edu/ctoa"] - *terraform.NodeApplyableProvider
  ------
2021/02/10 11:19:05 [TRACE] Executing graph transform *terraform.CloseProvisionerTransformer
2021/02/10 11:19:05 [TRACE] Completed graph transform *terraform.CloseProvisionerTransformer (no changes)
2021/02/10 11:19:05 [TRACE] Executing graph transform *terraform.CloseRootModuleTransformer
2021/02/10 11:19:05 [TRACE] Completed graph transform *terraform.CloseRootModuleTransformer with new graph:
  ctoa_people.deleporte - *terraform.NodeValidatableResource
    provider["adeleporte.com/edu/ctoa"] - *terraform.NodeApplyableProvider
  meta.count-boundary (EachMode fixup) - *terraform.NodeCountBoundary
    ctoa_people.deleporte - *terraform.NodeValidatableResource
    provider["adeleporte.com/edu/ctoa"] - *terraform.NodeApplyableProvider
  provider["adeleporte.com/edu/ctoa"] - *terraform.NodeApplyableProvider
  provider["adeleporte.com/edu/ctoa"] (close) - *terraform.graphNodeCloseProvider
    ctoa_people.deleporte - *terraform.NodeValidatableResource
    provider["adeleporte.com/edu/ctoa"] - *terraform.NodeApplyableProvider
  root - *terraform.nodeCloseModule
    meta.count-boundary (EachMode fixup) - *terraform.NodeCountBoundary
    provider["adeleporte.com/edu/ctoa"] (close) - *terraform.graphNodeCloseProvider
  ------
2021/02/10 11:19:05 [TRACE] Executing graph transform *terraform.TransitiveReductionTransformer
2021/02/10 11:19:05 [TRACE] Completed graph transform *terraform.TransitiveReductionTransformer with new graph:
  ctoa_people.deleporte - *terraform.NodeValidatableResource
    provider["adeleporte.com/edu/ctoa"] - *terraform.NodeApplyableProvider
  meta.count-boundary (EachMode fixup) - *terraform.NodeCountBoundary
    ctoa_people.deleporte - *terraform.NodeValidatableResource
  provider["adeleporte.com/edu/ctoa"] - *terraform.NodeApplyableProvider
  provider["adeleporte.com/edu/ctoa"] (close) - *terraform.graphNodeCloseProvider
    ctoa_people.deleporte - *terraform.NodeValidatableResource
  root - *terraform.nodeCloseModule
    meta.count-boundary (EachMode fixup) - *terraform.NodeCountBoundary
    provider["adeleporte.com/edu/ctoa"] (close) - *terraform.graphNodeCloseProvider
  ------
2021/02/10 11:19:05 [DEBUG] Starting graph walk: walkValidate
2021/02/10 11:19:05 [TRACE] dag/walk: visiting "provider[\"adeleporte.com/edu/ctoa\"]"
2021/02/10 11:19:05 [TRACE] vertex "provider[\"adeleporte.com/edu/ctoa\"]": starting visit (*terraform.NodeApplyableProvider)
2021/02/10 11:19:05 [TRACE] vertex "provider[\"adeleporte.com/edu/ctoa\"]": evaluating
2021/02/10 11:19:05 [TRACE] [walkValidate] Entering eval tree: provider["adeleporte.com/edu/ctoa"]
2021/02/10 11:19:05 [TRACE] eval: *terraform.EvalSequence
2021/02/10 11:19:05 [TRACE] eval: *terraform.EvalInitProvider
2021-02-10T11:19:05.790+0100 [INFO]  plugin: configuring client automatic mTLS
2021-02-10T11:19:05.816+0100 [DEBUG] plugin: starting plugin: path=.terraform/plugins/adeleporte.com/edu/ctoa/0.1.0/darwin_amd64/terraform-provider-ctoa args=[.terraform/plugins/adeleporte.com/edu/ctoa/0.1.0/darwin_amd64/terraform-provider-ctoa]
2021-02-10T11:19:05.818+0100 [DEBUG] plugin: plugin started: path=.terraform/plugins/adeleporte.com/edu/ctoa/0.1.0/darwin_amd64/terraform-provider-ctoa pid=20510
2021-02-10T11:19:05.818+0100 [DEBUG] plugin: waiting for RPC address: path=.terraform/plugins/adeleporte.com/edu/ctoa/0.1.0/darwin_amd64/terraform-provider-ctoa
2021-02-10T11:19:05.828+0100 [INFO]  plugin.terraform-provider-ctoa: configuring server automatic mTLS: timestamp=2021-02-10T11:19:05.828+0100
2021-02-10T11:19:05.854+0100 [DEBUG] plugin.terraform-provider-ctoa: plugin address: network=unix address=/var/folders/8j/8vps82vn4nx4kch94m513p4r0000gp/T/plugin555804237 timestamp=2021-02-10T11:19:05.854+0100
2021-02-10T11:19:05.854+0100 [DEBUG] plugin: using plugin: version=5
2021/02/10 11:19:05 [TRACE] BuiltinEvalContext: Initialized "provider[\"adeleporte.com/edu/ctoa\"]" provider for provider["adeleporte.com/edu/ctoa"]
2021/02/10 11:19:05 [TRACE] eval: *terraform.EvalOpFilter
2021/02/10 11:19:05 [TRACE] eval: *terraform.EvalSequence
2021/02/10 11:19:05 [TRACE] eval: *terraform.EvalGetProvider
2021/02/10 11:19:05 [TRACE] eval: *terraform.EvalValidateProvider
2021-02-10T11:19:05.903+0100 [TRACE] plugin.stdio: waiting for stdio data
2021/02/10 11:19:05 [TRACE] buildProviderConfig for provider["adeleporte.com/edu/ctoa"]: using explicit config only
2021/02/10 11:19:05 [TRACE] GRPCProvider: GetSchema
2021/02/10 11:19:05 [TRACE] GRPCProvider: PrepareProviderConfig
2021/02/10 11:19:05 [TRACE] eval: terraform.EvalNoop
2021/02/10 11:19:05 [TRACE] eval: terraform.EvalNoop
2021/02/10 11:19:05 [TRACE] eval: terraform.EvalNoop
2021/02/10 11:19:05 [TRACE] [walkValidate] Exiting eval tree: provider["adeleporte.com/edu/ctoa"]
2021/02/10 11:19:05 [TRACE] vertex "provider[\"adeleporte.com/edu/ctoa\"]": visit complete
2021/02/10 11:19:05 [TRACE] dag/walk: visiting "ctoa_people.deleporte"
2021/02/10 11:19:05 [TRACE] vertex "ctoa_people.deleporte": starting visit (*terraform.NodeValidatableResource)
2021/02/10 11:19:05 [TRACE] vertex "ctoa_people.deleporte": evaluating
2021/02/10 11:19:05 [TRACE] [walkValidate] Entering eval tree: ctoa_people.deleporte
2021/02/10 11:19:05 [TRACE] eval: *terraform.EvalSequence
2021/02/10 11:19:05 [TRACE] eval: *terraform.EvalGetProvider
2021/02/10 11:19:05 [TRACE] eval: *terraform.EvalValidateResource
2021/02/10 11:19:05 [TRACE] GRPCProvider: ValidateResourceTypeConfig
2021/02/10 11:19:05 [TRACE] [walkValidate] Exiting eval tree: ctoa_people.deleporte
2021/02/10 11:19:05 [TRACE] vertex "ctoa_people.deleporte": visit complete
2021/02/10 11:19:05 [TRACE] dag/walk: visiting "meta.count-boundary (EachMode fixup)"
2021/02/10 11:19:05 [TRACE] vertex "meta.count-boundary (EachMode fixup)": starting visit (*terraform.NodeCountBoundary)
2021/02/10 11:19:05 [TRACE] vertex "meta.count-boundary (EachMode fixup)": evaluating
2021/02/10 11:19:05 [TRACE] [walkValidate] Entering eval tree: meta.count-boundary (EachMode fixup)
2021/02/10 11:19:05 [TRACE] eval: *terraform.EvalCountFixZeroOneBoundaryGlobal
2021/02/10 11:19:05 [TRACE] [walkValidate] Exiting eval tree: meta.count-boundary (EachMode fixup)
2021/02/10 11:19:05 [TRACE] vertex "meta.count-boundary (EachMode fixup)": visit complete
2021/02/10 11:19:05 [TRACE] dag/walk: visiting "provider[\"adeleporte.com/edu/ctoa\"] (close)"
2021/02/10 11:19:05 [TRACE] vertex "provider[\"adeleporte.com/edu/ctoa\"] (close)": starting visit (*terraform.graphNodeCloseProvider)
2021/02/10 11:19:05 [TRACE] vertex "provider[\"adeleporte.com/edu/ctoa\"] (close)": evaluating
2021/02/10 11:19:05 [TRACE] [walkValidate] Entering eval tree: provider["adeleporte.com/edu/ctoa"] (close)
2021/02/10 11:19:05 [TRACE] eval: *terraform.EvalCloseProvider
2021/02/10 11:19:05 [TRACE] GRPCProvider: Close
2021-02-10T11:19:05.907+0100 [WARN]  plugin.stdio: received EOF, stopping recv loop: err="rpc error: code = Unavailable desc = transport is closing"
2021-02-10T11:19:05.908+0100 [DEBUG] plugin: plugin process exited: path=.terraform/plugins/adeleporte.com/edu/ctoa/0.1.0/darwin_amd64/terraform-provider-ctoa pid=20510
2021-02-10T11:19:05.908+0100 [DEBUG] plugin: plugin exited
2021/02/10 11:19:05 [TRACE] [walkValidate] Exiting eval tree: provider["adeleporte.com/edu/ctoa"] (close)
2021/02/10 11:19:05 [TRACE] vertex "provider[\"adeleporte.com/edu/ctoa\"] (close)": visit complete
2021/02/10 11:19:05 [TRACE] dag/walk: visiting "root"
2021/02/10 11:19:05 [TRACE] vertex "root": starting visit (*terraform.nodeCloseModule)
2021/02/10 11:19:05 [TRACE] vertex "root": evaluating
2021/02/10 11:19:05 [TRACE] [walkValidate] Entering eval tree: root
2021/02/10 11:19:05 [TRACE] eval: *terraform.EvalSequence
2021/02/10 11:19:05 [TRACE] eval: terraform.EvalNoop
2021/02/10 11:19:05 [TRACE] [walkValidate] Exiting eval tree: root
2021/02/10 11:19:05 [TRACE] vertex "root": visit complete
2021/02/10 11:19:05 [INFO] backend/local: apply calling Refresh
2021/02/10 11:19:05 [INFO] terraform: building graph: GraphTypeRefresh
2021/02/10 11:19:05 [TRACE] Executing graph transform *terraform.ConfigTransformer
2021/02/10 11:19:05 [TRACE] ConfigTransformer: Starting for path: 
2021/02/10 11:19:05 [TRACE] Completed graph transform *terraform.ConfigTransformer with new graph:
  ctoa_people.deleporte (expand) - *terraform.nodeExpandRefreshableManagedResource
  ------
2021/02/10 11:19:05 [TRACE] Executing graph transform *terraform.ConfigTransformer
2021/02/10 11:19:05 [TRACE] ConfigTransformer: Starting for path: 
2021/02/10 11:19:05 [TRACE] Completed graph transform *terraform.ConfigTransformer (no changes)
2021/02/10 11:19:05 [TRACE] Executing graph transform *terraform.OrphanResourceInstanceTransformer
2021/02/10 11:19:05 [TRACE] Completed graph transform *terraform.OrphanResourceInstanceTransformer (no changes)
2021/02/10 11:19:05 [TRACE] Executing graph transform *terraform.StateTransformer
2021/02/10 11:19:05 [TRACE] StateTransformer: creating nodes for deposed instance objects only
2021/02/10 11:19:05 [TRACE] Completed graph transform *terraform.StateTransformer (no changes)
2021/02/10 11:19:05 [TRACE] Executing graph transform *terraform.AttachStateTransformer
2021/02/10 11:19:05 [TRACE] Completed graph transform *terraform.AttachStateTransformer (no changes)
2021/02/10 11:19:05 [TRACE] Executing graph transform *terraform.AttachResourceConfigTransformer
2021/02/10 11:19:05 [TRACE] AttachResourceConfigTransformer: attaching to "ctoa_people.deleporte (expand)" (*terraform.nodeExpandRefreshableManagedResource) config from main.tf:14,1-35
2021/02/10 11:19:05 [TRACE] AttachResourceConfigTransformer: attaching provider meta configs to ctoa_people.deleporte (expand)
2021/02/10 11:19:05 [TRACE] Completed graph transform *terraform.AttachResourceConfigTransformer (no changes)
2021/02/10 11:19:05 [TRACE] Executing graph transform *terraform.RootVariableTransformer
2021/02/10 11:19:05 [TRACE] Completed graph transform *terraform.RootVariableTransformer (no changes)
2021/02/10 11:19:05 [TRACE] Executing graph transform *terraform.LocalTransformer
2021/02/10 11:19:05 [TRACE] Completed graph transform *terraform.LocalTransformer (no changes)
2021/02/10 11:19:05 [TRACE] Executing graph transform *terraform.OutputTransformer
2021/02/10 11:19:05 [TRACE] Completed graph transform *terraform.OutputTransformer (no changes)
2021/02/10 11:19:05 [TRACE] Executing graph transform *terraform.ModuleVariableTransformer
2021/02/10 11:19:05 [TRACE] Completed graph transform *terraform.ModuleVariableTransformer (no changes)
2021/02/10 11:19:05 [TRACE] Executing graph transform *terraform.graphTransformerMulti
2021/02/10 11:19:05 [TRACE] (graphTransformerMulti) Executing graph transform *terraform.ProviderConfigTransformer
2021/02/10 11:19:05 [TRACE] ProviderConfigTransformer: attaching to "provider[\"adeleporte.com/edu/ctoa\"]" provider configuration from main.tf:10,1-16
2021/02/10 11:19:05 [TRACE] (graphTransformerMulti) Completed graph transform *terraform.ProviderConfigTransformer with new graph:
  ctoa_people.deleporte (expand) - *terraform.nodeExpandRefreshableManagedResource
  provider["adeleporte.com/edu/ctoa"] - *terraform.NodeApplyableProvider
  ------
2021/02/10 11:19:05 [TRACE] (graphTransformerMulti) Executing graph transform *terraform.MissingProviderTransformer
2021/02/10 11:19:05 [TRACE] (graphTransformerMulti) Completed graph transform *terraform.MissingProviderTransformer (no changes)
2021/02/10 11:19:05 [TRACE] (graphTransformerMulti) Executing graph transform *terraform.ProviderTransformer
2021/02/10 11:19:05 [TRACE] ProviderTransformer: exact match for provider["adeleporte.com/edu/ctoa"] serving ctoa_people.deleporte (expand)
2021/02/10 11:19:05 [DEBUG] ProviderTransformer: "ctoa_people.deleporte (expand)" (*terraform.nodeExpandRefreshableManagedResource) needs provider["adeleporte.com/edu/ctoa"]
2021/02/10 11:19:05 [TRACE] (graphTransformerMulti) Completed graph transform *terraform.ProviderTransformer with new graph:
  ctoa_people.deleporte (expand) - *terraform.nodeExpandRefreshableManagedResource
    provider["adeleporte.com/edu/ctoa"] - *terraform.NodeApplyableProvider
  provider["adeleporte.com/edu/ctoa"] - *terraform.NodeApplyableProvider
  ------
2021/02/10 11:19:05 [TRACE] (graphTransformerMulti) Executing graph transform *terraform.PruneProviderTransformer
2021/02/10 11:19:05 [TRACE] (graphTransformerMulti) Completed graph transform *terraform.PruneProviderTransformer (no changes)
2021/02/10 11:19:05 [TRACE] (graphTransformerMulti) Executing graph transform *terraform.ParentProviderTransformer
2021/02/10 11:19:05 [TRACE] (graphTransformerMulti) Completed graph transform *terraform.ParentProviderTransformer (no changes)
2021/02/10 11:19:05 [TRACE] Completed graph transform *terraform.graphTransformerMulti with new graph:
  ctoa_people.deleporte (expand) - *terraform.nodeExpandRefreshableManagedResource
    provider["adeleporte.com/edu/ctoa"] - *terraform.NodeApplyableProvider
  provider["adeleporte.com/edu/ctoa"] - *terraform.NodeApplyableProvider
  ------
2021/02/10 11:19:05 [TRACE] Executing graph transform *terraform.AttachSchemaTransformer
2021/02/10 11:19:05 [TRACE] AttachSchemaTransformer: attaching provider config schema to provider["adeleporte.com/edu/ctoa"]
2021/02/10 11:19:05 [TRACE] AttachSchemaTransformer: attaching resource schema to ctoa_people.deleporte (expand)
2021/02/10 11:19:05 [TRACE] Completed graph transform *terraform.AttachSchemaTransformer (no changes)
2021/02/10 11:19:05 [TRACE] Executing graph transform *terraform.ModuleExpansionTransformer
2021/02/10 11:19:05 [TRACE] Completed graph transform *terraform.ModuleExpansionTransformer (no changes)
2021/02/10 11:19:05 [TRACE] Executing graph transform *terraform.ReferenceTransformer
2021/02/10 11:19:05 [DEBUG] ReferenceTransformer: "ctoa_people.deleporte (expand)" references: []
2021/02/10 11:19:05 [DEBUG] ReferenceTransformer: "provider[\"adeleporte.com/edu/ctoa\"]" references: []
2021/02/10 11:19:05 [TRACE] Completed graph transform *terraform.ReferenceTransformer (no changes)
2021/02/10 11:19:05 [TRACE] Executing graph transform *terraform.AttachDependenciesTransformer
2021/02/10 11:19:05 [TRACE] AttachDependenciesTransformer: ctoa_people.deleporte depends on []
2021/02/10 11:19:05 [TRACE] Completed graph transform *terraform.AttachDependenciesTransformer (no changes)
2021/02/10 11:19:05 [TRACE] Executing graph transform *terraform.attachDataResourceDependenciesTransformer
2021/02/10 11:19:05 [TRACE] Completed graph transform *terraform.attachDataResourceDependenciesTransformer (no changes)
2021/02/10 11:19:05 [TRACE] Executing graph transform *terraform.TargetsTransformer
2021/02/10 11:19:05 [TRACE] Completed graph transform *terraform.TargetsTransformer (no changes)
2021/02/10 11:19:05 [TRACE] Executing graph transform *terraform.CloseProviderTransformer
2021/02/10 11:19:05 [TRACE] Completed graph transform *terraform.CloseProviderTransformer with new graph:
  ctoa_people.deleporte (expand) - *terraform.nodeExpandRefreshableManagedResource
    provider["adeleporte.com/edu/ctoa"] - *terraform.NodeApplyableProvider
  provider["adeleporte.com/edu/ctoa"] - *terraform.NodeApplyableProvider
  provider["adeleporte.com/edu/ctoa"] (close) - *terraform.graphNodeCloseProvider
    ctoa_people.deleporte (expand) - *terraform.nodeExpandRefreshableManagedResource
    provider["adeleporte.com/edu/ctoa"] - *terraform.NodeApplyableProvider
  ------
2021/02/10 11:19:05 [TRACE] Executing graph transform *terraform.CloseRootModuleTransformer
2021/02/10 11:19:05 [TRACE] Completed graph transform *terraform.CloseRootModuleTransformer with new graph:
  ctoa_people.deleporte (expand) - *terraform.nodeExpandRefreshableManagedResource
    provider["adeleporte.com/edu/ctoa"] - *terraform.NodeApplyableProvider
  provider["adeleporte.com/edu/ctoa"] - *terraform.NodeApplyableProvider
  provider["adeleporte.com/edu/ctoa"] (close) - *terraform.graphNodeCloseProvider
    ctoa_people.deleporte (expand) - *terraform.nodeExpandRefreshableManagedResource
    provider["adeleporte.com/edu/ctoa"] - *terraform.NodeApplyableProvider
  root - *terraform.nodeCloseModule
    provider["adeleporte.com/edu/ctoa"] (close) - *terraform.graphNodeCloseProvider
  ------
2021/02/10 11:19:05 [TRACE] Executing graph transform *terraform.TransitiveReductionTransformer
2021/02/10 11:19:05 [TRACE] Completed graph transform *terraform.TransitiveReductionTransformer with new graph:
  ctoa_people.deleporte (expand) - *terraform.nodeExpandRefreshableManagedResource
    provider["adeleporte.com/edu/ctoa"] - *terraform.NodeApplyableProvider
  provider["adeleporte.com/edu/ctoa"] - *terraform.NodeApplyableProvider
  provider["adeleporte.com/edu/ctoa"] (close) - *terraform.graphNodeCloseProvider
    ctoa_people.deleporte (expand) - *terraform.nodeExpandRefreshableManagedResource
  root - *terraform.nodeCloseModule
    provider["adeleporte.com/edu/ctoa"] (close) - *terraform.graphNodeCloseProvider
  ------
2021/02/10 11:19:05 [DEBUG] Starting graph walk: walkRefresh
2021/02/10 11:19:05 [TRACE] dag/walk: visiting "provider[\"adeleporte.com/edu/ctoa\"]"
2021/02/10 11:19:05 [TRACE] vertex "provider[\"adeleporte.com/edu/ctoa\"]": starting visit (*terraform.NodeApplyableProvider)
2021/02/10 11:19:05 [TRACE] vertex "provider[\"adeleporte.com/edu/ctoa\"]": evaluating
2021/02/10 11:19:05 [TRACE] [walkRefresh] Entering eval tree: provider["adeleporte.com/edu/ctoa"]
2021/02/10 11:19:05 [TRACE] eval: *terraform.EvalSequence
2021/02/10 11:19:05 [TRACE] eval: *terraform.EvalInitProvider
2021-02-10T11:19:05.909+0100 [INFO]  plugin: configuring client automatic mTLS
2021-02-10T11:19:05.931+0100 [DEBUG] plugin: starting plugin: path=.terraform/plugins/adeleporte.com/edu/ctoa/0.1.0/darwin_amd64/terraform-provider-ctoa args=[.terraform/plugins/adeleporte.com/edu/ctoa/0.1.0/darwin_amd64/terraform-provider-ctoa]
2021-02-10T11:19:05.933+0100 [DEBUG] plugin: plugin started: path=.terraform/plugins/adeleporte.com/edu/ctoa/0.1.0/darwin_amd64/terraform-provider-ctoa pid=20511
2021-02-10T11:19:05.933+0100 [DEBUG] plugin: waiting for RPC address: path=.terraform/plugins/adeleporte.com/edu/ctoa/0.1.0/darwin_amd64/terraform-provider-ctoa
2021-02-10T11:19:05.944+0100 [INFO]  plugin.terraform-provider-ctoa: configuring server automatic mTLS: timestamp=2021-02-10T11:19:05.943+0100
2021-02-10T11:19:05.969+0100 [DEBUG] plugin.terraform-provider-ctoa: plugin address: address=/var/folders/8j/8vps82vn4nx4kch94m513p4r0000gp/T/plugin010950018 network=unix timestamp=2021-02-10T11:19:05.969+0100
2021-02-10T11:19:05.969+0100 [DEBUG] plugin: using plugin: version=5
2021/02/10 11:19:06 [TRACE] BuiltinEvalContext: Initialized "provider[\"adeleporte.com/edu/ctoa\"]" provider for provider["adeleporte.com/edu/ctoa"]
2021/02/10 11:19:06 [TRACE] eval: terraform.EvalNoop
2021/02/10 11:19:06 [TRACE] eval: *terraform.EvalOpFilter
2021/02/10 11:19:06 [TRACE] eval: *terraform.EvalSequence
2021/02/10 11:19:06 [TRACE] eval: *terraform.EvalGetProvider
2021/02/10 11:19:06 [TRACE] eval: *terraform.EvalOpFilter
2021/02/10 11:19:06 [TRACE] eval: *terraform.EvalSequence
2021/02/10 11:19:06 [TRACE] eval: *terraform.EvalConfigProvider
2021/02/10 11:19:06 [TRACE] buildProviderConfig for provider["adeleporte.com/edu/ctoa"]: using explicit config only
2021/02/10 11:19:06 [TRACE] GRPCProvider: GetSchema
2021-02-10T11:19:06.017+0100 [TRACE] plugin.stdio: waiting for stdio data
2021/02/10 11:19:06 [TRACE] GRPCProvider: Configure
2021/02/10 11:19:06 [TRACE] eval: terraform.EvalNoop
2021/02/10 11:19:06 [TRACE] [walkRefresh] Exiting eval tree: provider["adeleporte.com/edu/ctoa"]
2021/02/10 11:19:06 [TRACE] vertex "provider[\"adeleporte.com/edu/ctoa\"]": visit complete
2021/02/10 11:19:06 [TRACE] dag/walk: visiting "ctoa_people.deleporte (expand)"
2021/02/10 11:19:06 [TRACE] vertex "ctoa_people.deleporte (expand)": starting visit (*terraform.nodeExpandRefreshableManagedResource)
2021/02/10 11:19:06 [TRACE] vertex "ctoa_people.deleporte (expand)": expanding dynamic subgraph
2021/02/10 11:19:06 [TRACE] vertex "ctoa_people.deleporte (expand)": entering dynamic subgraph
2021/02/10 11:19:06 [TRACE] dag/walk: visiting "ctoa_people.deleporte"
2021/02/10 11:19:06 [TRACE] vertex "ctoa_people.deleporte": starting visit (*terraform.NodeRefreshableManagedResource)
2021/02/10 11:19:06 [TRACE] vertex "ctoa_people.deleporte": expanding dynamic subgraph
2021/02/10 11:19:06 [TRACE] Executing graph transform *terraform.ResourceCountTransformer
2021/02/10 11:19:06 [TRACE] ResourceCountTransformer: adding ctoa_people.deleporte as *terraform.NodeRefreshableManagedResourceInstance
2021/02/10 11:19:06 [TRACE] Completed graph transform *terraform.ResourceCountTransformer with new graph:
  ctoa_people.deleporte - *terraform.NodeRefreshableManagedResourceInstance
  ------
2021/02/10 11:19:06 [TRACE] Executing graph transform *terraform.OrphanResourceInstanceCountTransformer
2021/02/10 11:19:06 [TRACE] Completed graph transform *terraform.OrphanResourceInstanceCountTransformer (no changes)
2021/02/10 11:19:06 [TRACE] Executing graph transform *terraform.AttachStateTransformer
2021/02/10 11:19:06 [TRACE] Completed graph transform *terraform.AttachStateTransformer (no changes)
2021/02/10 11:19:06 [TRACE] Executing graph transform *terraform.TargetsTransformer
2021/02/10 11:19:06 [TRACE] Completed graph transform *terraform.TargetsTransformer (no changes)
2021/02/10 11:19:06 [TRACE] Executing graph transform *terraform.ReferenceTransformer
2021/02/10 11:19:06 [TRACE] Completed graph transform *terraform.ReferenceTransformer (no changes)
2021/02/10 11:19:06 [TRACE] Executing graph transform *terraform.RootTransformer
2021/02/10 11:19:06 [TRACE] Completed graph transform *terraform.RootTransformer (no changes)
2021/02/10 11:19:06 [TRACE] vertex "ctoa_people.deleporte": entering dynamic subgraph
2021/02/10 11:19:06 [TRACE] dag/walk: visiting "ctoa_people.deleporte"
2021/02/10 11:19:06 [TRACE] vertex "ctoa_people.deleporte": starting visit (*terraform.NodeRefreshableManagedResourceInstance)
2021/02/10 11:19:06 [TRACE] NodeRefreshableManagedResourceInstance: ctoa_people.deleporte will be refreshed
2021/02/10 11:19:06 [TRACE] vertex "ctoa_people.deleporte": evaluating
2021/02/10 11:19:06 [TRACE] [walkRefresh] Entering eval tree: ctoa_people.deleporte
2021/02/10 11:19:06 [TRACE] eval: *terraform.EvalSequence
2021/02/10 11:19:06 [TRACE] eval: *terraform.EvalGetProvider
2021/02/10 11:19:06 [TRACE] eval: *terraform.EvalReadState
2021/02/10 11:19:06 [TRACE] EvalReadState: reading state for ctoa_people.deleporte
2021/02/10 11:19:06 [TRACE] UpgradeResourceState: schema version of ctoa_people.deleporte is still 0; calling provider "ctoa" for any other minor fixups
2021/02/10 11:19:06 [TRACE] GRPCProvider: UpgradeResourceState
2021/02/10 11:19:06 [TRACE] eval: *terraform.EvalRefreshDependencies
2021/02/10 11:19:06 [TRACE] eval: *terraform.EvalRefresh
2021/02/10 11:19:06 [TRACE] GRPCProvider: ReadResource
2021/02/10 11:19:06 [TRACE] eval: *terraform.EvalWriteState
2021/02/10 11:19:06 [TRACE] EvalWriteState: recording 0 dependencies for ctoa_people.deleporte
2021/02/10 11:19:06 [TRACE] EvalWriteState: writing current state object for ctoa_people.deleporte
2021/02/10 11:19:06 [TRACE] [walkRefresh] Exiting eval tree: ctoa_people.deleporte
2021/02/10 11:19:06 [TRACE] vertex "ctoa_people.deleporte": visit complete
2021/02/10 11:19:06 [TRACE] vertex "ctoa_people.deleporte": dynamic subgraph completed successfully
2021/02/10 11:19:06 [TRACE] vertex "ctoa_people.deleporte": visit complete
2021/02/10 11:19:06 [TRACE] vertex "ctoa_people.deleporte (expand)": dynamic subgraph completed successfully
2021/02/10 11:19:06 [TRACE] vertex "ctoa_people.deleporte (expand)": visit complete
2021/02/10 11:19:06 [TRACE] dag/walk: visiting "provider[\"adeleporte.com/edu/ctoa\"] (close)"
2021/02/10 11:19:06 [TRACE] vertex "provider[\"adeleporte.com/edu/ctoa\"] (close)": starting visit (*terraform.graphNodeCloseProvider)
2021/02/10 11:19:06 [TRACE] vertex "provider[\"adeleporte.com/edu/ctoa\"] (close)": evaluating
2021/02/10 11:19:06 [TRACE] [walkRefresh] Entering eval tree: provider["adeleporte.com/edu/ctoa"] (close)
2021/02/10 11:19:06 [TRACE] eval: *terraform.EvalCloseProvider
2021/02/10 11:19:06 [TRACE] GRPCProvider: Close
2021-02-10T11:19:06.022+0100 [WARN]  plugin.stdio: received EOF, stopping recv loop: err="rpc error: code = Unavailable desc = transport is closing"
2021-02-10T11:19:06.023+0100 [DEBUG] plugin: plugin process exited: path=.terraform/plugins/adeleporte.com/edu/ctoa/0.1.0/darwin_amd64/terraform-provider-ctoa pid=20511
2021-02-10T11:19:06.023+0100 [DEBUG] plugin: plugin exited
2021/02/10 11:19:06 [TRACE] [walkRefresh] Exiting eval tree: provider["adeleporte.com/edu/ctoa"] (close)
2021/02/10 11:19:06 [TRACE] vertex "provider[\"adeleporte.com/edu/ctoa\"] (close)": visit complete
2021/02/10 11:19:06 [TRACE] dag/walk: visiting "root"
2021/02/10 11:19:06 [TRACE] vertex "root": starting visit (*terraform.nodeCloseModule)
2021/02/10 11:19:06 [TRACE] vertex "root": evaluating
2021/02/10 11:19:06 [TRACE] [walkRefresh] Entering eval tree: root
2021/02/10 11:19:06 [TRACE] eval: *terraform.EvalSequence
2021/02/10 11:19:06 [TRACE] eval: terraform.EvalNoop
2021/02/10 11:19:06 [TRACE] [walkRefresh] Exiting eval tree: root
2021/02/10 11:19:06 [TRACE] vertex "root": visit complete
2021/02/10 11:19:06 [INFO] backend/local: apply calling Plan
2021/02/10 11:19:06 [INFO] terraform: building graph: GraphTypePlanDestroy
2021/02/10 11:19:06 [TRACE] Executing graph transform *terraform.StateTransformer
2021/02/10 11:19:06 [TRACE] StateTransformer: creating nodes for both current and deposed instance objects
2021/02/10 11:19:06 [TRACE] StateTransformer: added *terraform.NodePlanDestroyableResourceInstance for ctoa_people.deleporte current object
2021/02/10 11:19:06 [TRACE] Completed graph transform *terraform.StateTransformer with new graph:
  ctoa_people.deleporte - *terraform.NodePlanDestroyableResourceInstance
  ------
2021/02/10 11:19:06 [TRACE] Executing graph transform *terraform.AttachStateTransformer
2021/02/10 11:19:06 [TRACE] Completed graph transform *terraform.AttachStateTransformer (no changes)
2021/02/10 11:19:06 [TRACE] Executing graph transform *terraform.AttachResourceConfigTransformer
2021/02/10 11:19:06 [TRACE] AttachResourceConfigTransformer: attaching to "ctoa_people.deleporte" (*terraform.NodePlanDestroyableResourceInstance) config from main.tf:14,1-35
2021/02/10 11:19:06 [TRACE] AttachResourceConfigTransformer: attaching provider meta configs to ctoa_people.deleporte
2021/02/10 11:19:06 [TRACE] Completed graph transform *terraform.AttachResourceConfigTransformer (no changes)
2021/02/10 11:19:06 [TRACE] Executing graph transform *terraform.graphTransformerMulti
2021/02/10 11:19:06 [TRACE] (graphTransformerMulti) Executing graph transform *terraform.ProviderConfigTransformer
2021/02/10 11:19:06 [TRACE] ProviderConfigTransformer: attaching to "provider[\"adeleporte.com/edu/ctoa\"]" provider configuration from main.tf:10,1-16
2021/02/10 11:19:06 [TRACE] (graphTransformerMulti) Completed graph transform *terraform.ProviderConfigTransformer with new graph:
  ctoa_people.deleporte - *terraform.NodePlanDestroyableResourceInstance
  provider["adeleporte.com/edu/ctoa"] - *terraform.NodeApplyableProvider
  ------
2021/02/10 11:19:06 [TRACE] (graphTransformerMulti) Executing graph transform *terraform.MissingProviderTransformer
2021/02/10 11:19:06 [TRACE] (graphTransformerMulti) Completed graph transform *terraform.MissingProviderTransformer (no changes)
2021/02/10 11:19:06 [TRACE] (graphTransformerMulti) Executing graph transform *terraform.ProviderTransformer
2021/02/10 11:19:06 [TRACE] ProviderTransformer: exact match for provider["adeleporte.com/edu/ctoa"] serving ctoa_people.deleporte
2021/02/10 11:19:06 [DEBUG] ProviderTransformer: "ctoa_people.deleporte" (*terraform.NodePlanDestroyableResourceInstance) needs provider["adeleporte.com/edu/ctoa"]
2021/02/10 11:19:06 [TRACE] (graphTransformerMulti) Completed graph transform *terraform.ProviderTransformer with new graph:
  ctoa_people.deleporte - *terraform.NodePlanDestroyableResourceInstance
    provider["adeleporte.com/edu/ctoa"] - *terraform.NodeApplyableProvider
  provider["adeleporte.com/edu/ctoa"] - *terraform.NodeApplyableProvider
  ------
2021/02/10 11:19:06 [TRACE] (graphTransformerMulti) Executing graph transform *terraform.PruneProviderTransformer
2021/02/10 11:19:06 [TRACE] (graphTransformerMulti) Completed graph transform *terraform.PruneProviderTransformer (no changes)
2021/02/10 11:19:06 [TRACE] (graphTransformerMulti) Executing graph transform *terraform.ParentProviderTransformer
2021/02/10 11:19:06 [TRACE] (graphTransformerMulti) Completed graph transform *terraform.ParentProviderTransformer (no changes)
2021/02/10 11:19:06 [TRACE] Completed graph transform *terraform.graphTransformerMulti with new graph:
  ctoa_people.deleporte - *terraform.NodePlanDestroyableResourceInstance
    provider["adeleporte.com/edu/ctoa"] - *terraform.NodeApplyableProvider
  provider["adeleporte.com/edu/ctoa"] - *terraform.NodeApplyableProvider
  ------
2021/02/10 11:19:06 [TRACE] Executing graph transform *terraform.DestroyEdgeTransformer
2021/02/10 11:19:06 [TRACE] DestroyEdgeTransformer: "ctoa_people.deleporte" (*terraform.NodePlanDestroyableResourceInstance) destroys ctoa_people.deleporte
2021/02/10 11:19:06 [TRACE] Completed graph transform *terraform.DestroyEdgeTransformer (no changes)
2021/02/10 11:19:06 [TRACE] Executing graph transform *terraform.TargetsTransformer
2021/02/10 11:19:06 [TRACE] Completed graph transform *terraform.TargetsTransformer (no changes)
2021/02/10 11:19:06 [TRACE] Executing graph transform *terraform.CloseRootModuleTransformer
2021/02/10 11:19:06 [TRACE] Completed graph transform *terraform.CloseRootModuleTransformer with new graph:
  ctoa_people.deleporte - *terraform.NodePlanDestroyableResourceInstance
    provider["adeleporte.com/edu/ctoa"] - *terraform.NodeApplyableProvider
  provider["adeleporte.com/edu/ctoa"] - *terraform.NodeApplyableProvider
  root - *terraform.nodeCloseModule
    ctoa_people.deleporte - *terraform.NodePlanDestroyableResourceInstance
  ------
2021/02/10 11:19:06 [DEBUG] Starting graph walk: walkPlanDestroy
2021/02/10 11:19:06 [TRACE] dag/walk: visiting "provider[\"adeleporte.com/edu/ctoa\"]"
2021/02/10 11:19:06 [TRACE] vertex "provider[\"adeleporte.com/edu/ctoa\"]": starting visit (*terraform.NodeApplyableProvider)
2021/02/10 11:19:06 [TRACE] vertex "provider[\"adeleporte.com/edu/ctoa\"]": evaluating
2021/02/10 11:19:06 [TRACE] [walkPlanDestroy] Entering eval tree: provider["adeleporte.com/edu/ctoa"]
2021/02/10 11:19:06 [TRACE] eval: *terraform.EvalSequence
2021/02/10 11:19:06 [TRACE] eval: *terraform.EvalInitProvider
2021-02-10T11:19:06.024+0100 [INFO]  plugin: configuring client automatic mTLS
2021-02-10T11:19:06.047+0100 [DEBUG] plugin: starting plugin: path=.terraform/plugins/adeleporte.com/edu/ctoa/0.1.0/darwin_amd64/terraform-provider-ctoa args=[.terraform/plugins/adeleporte.com/edu/ctoa/0.1.0/darwin_amd64/terraform-provider-ctoa]
2021-02-10T11:19:06.049+0100 [DEBUG] plugin: plugin started: path=.terraform/plugins/adeleporte.com/edu/ctoa/0.1.0/darwin_amd64/terraform-provider-ctoa pid=20512
2021-02-10T11:19:06.049+0100 [DEBUG] plugin: waiting for RPC address: path=.terraform/plugins/adeleporte.com/edu/ctoa/0.1.0/darwin_amd64/terraform-provider-ctoa
2021-02-10T11:19:06.059+0100 [INFO]  plugin.terraform-provider-ctoa: configuring server automatic mTLS: timestamp=2021-02-10T11:19:06.059+0100
2021-02-10T11:19:06.085+0100 [DEBUG] plugin.terraform-provider-ctoa: plugin address: address=/var/folders/8j/8vps82vn4nx4kch94m513p4r0000gp/T/plugin121258735 network=unix timestamp=2021-02-10T11:19:06.085+0100
2021-02-10T11:19:06.085+0100 [DEBUG] plugin: using plugin: version=5
2021/02/10 11:19:06 [TRACE] BuiltinEvalContext: Initialized "provider[\"adeleporte.com/edu/ctoa\"]" provider for provider["adeleporte.com/edu/ctoa"]
2021/02/10 11:19:06 [TRACE] eval: terraform.EvalNoop
2021/02/10 11:19:06 [TRACE] eval: terraform.EvalNoop
2021/02/10 11:19:06 [TRACE] eval: terraform.EvalNoop
2021/02/10 11:19:06 [TRACE] eval: terraform.EvalNoop
2021-02-10T11:19:06.132+0100 [TRACE] plugin.stdio: waiting for stdio data
2021/02/10 11:19:06 [TRACE] [walkPlanDestroy] Exiting eval tree: provider["adeleporte.com/edu/ctoa"]
2021/02/10 11:19:06 [TRACE] vertex "provider[\"adeleporte.com/edu/ctoa\"]": visit complete
2021/02/10 11:19:06 [TRACE] dag/walk: visiting "ctoa_people.deleporte"
2021/02/10 11:19:06 [TRACE] vertex "ctoa_people.deleporte": starting visit (*terraform.NodePlanDestroyableResourceInstance)
2021/02/10 11:19:06 [TRACE] vertex "ctoa_people.deleporte": evaluating
2021/02/10 11:19:06 [TRACE] [walkPlanDestroy] Entering eval tree: ctoa_people.deleporte
2021/02/10 11:19:06 [TRACE] eval: *terraform.EvalSequence
2021/02/10 11:19:06 [TRACE] eval: *terraform.EvalGetProvider
2021/02/10 11:19:06 [TRACE] eval: *terraform.EvalReadState
2021/02/10 11:19:06 [TRACE] EvalReadState: reading state for ctoa_people.deleporte
2021/02/10 11:19:06 [TRACE] UpgradeResourceState: schema version of ctoa_people.deleporte is still 0; calling provider "ctoa" for any other minor fixups
2021/02/10 11:19:06 [TRACE] GRPCProvider: UpgradeResourceState
2021/02/10 11:19:06 [TRACE] GRPCProvider: GetSchema
2021/02/10 11:19:06 [TRACE] eval: *terraform.EvalDiffDestroy
2021/02/10 11:19:06 [TRACE] eval: *terraform.EvalCheckPreventDestroy
2021/02/10 11:19:06 [TRACE] eval: *terraform.EvalWriteDiff
2021/02/10 11:19:06 [TRACE] EvalWriteDiff: recorded Delete change for ctoa_people.deleporte
2021/02/10 11:19:06 [TRACE] [walkPlanDestroy] Exiting eval tree: ctoa_people.deleporte
2021/02/10 11:19:06 [TRACE] vertex "ctoa_people.deleporte": visit complete
2021/02/10 11:19:06 [TRACE] dag/walk: visiting "root"
2021/02/10 11:19:06 [TRACE] vertex "root": starting visit (*terraform.nodeCloseModule)
2021/02/10 11:19:06 [TRACE] vertex "root": evaluating
2021/02/10 11:19:06 [TRACE] [walkPlanDestroy] Entering eval tree: root
2021/02/10 11:19:06 [TRACE] eval: *terraform.EvalSequence
2021/02/10 11:19:06 [TRACE] eval: terraform.EvalNoop
2021/02/10 11:19:06 [TRACE] [walkPlanDestroy] Exiting eval tree: root
2021/02/10 11:19:06 [TRACE] vertex "root": visit complete
2021/02/10 11:19:06 [DEBUG] command: asking for input: "Do you really want to destroy all resources?"
2021/02/10 11:19:08 [INFO] backend/local: apply calling Apply
2021/02/10 11:19:08 [INFO] terraform: building graph: GraphTypeApply
2021/02/10 11:19:08 [TRACE] Executing graph transform *terraform.ConfigTransformer
2021/02/10 11:19:08 [TRACE] ConfigTransformer: Starting for path: 
2021/02/10 11:19:08 [TRACE] Completed graph transform *terraform.ConfigTransformer with new graph:
  ctoa_people.deleporte (expand) - *terraform.nodeExpandApplyableResource
  ------
2021/02/10 11:19:08 [TRACE] Executing graph transform *terraform.DiffTransformer
2021/02/10 11:19:08 [TRACE] DiffTransformer starting
2021/02/10 11:19:08 [TRACE] DiffTransformer: found Delete change for ctoa_people.deleporte 
2021/02/10 11:19:08 [TRACE] DiffTransformer: ctoa_people.deleporte will be represented for destruction by ctoa_people.deleporte (destroy)
2021/02/10 11:19:08 [TRACE] DiffTransformer complete
2021/02/10 11:19:08 [TRACE] Completed graph transform *terraform.DiffTransformer with new graph:
  ctoa_people.deleporte (destroy) - *terraform.NodeDestroyResourceInstance
  ctoa_people.deleporte (expand) - *terraform.nodeExpandApplyableResource
  ------
2021/02/10 11:19:08 [TRACE] Executing graph transform *terraform.OrphanOutputTransformer
2021/02/10 11:19:08 [TRACE] Completed graph transform *terraform.OrphanOutputTransformer (no changes)
2021/02/10 11:19:08 [TRACE] Executing graph transform *terraform.AttachResourceConfigTransformer
2021/02/10 11:19:08 [TRACE] AttachResourceConfigTransformer: attaching to "ctoa_people.deleporte (expand)" (*terraform.nodeExpandApplyableResource) config from main.tf:14,1-35
2021/02/10 11:19:08 [TRACE] AttachResourceConfigTransformer: attaching provider meta configs to ctoa_people.deleporte (expand)
2021/02/10 11:19:08 [TRACE] AttachResourceConfigTransformer: attaching to "ctoa_people.deleporte (destroy)" (*terraform.NodeDestroyResourceInstance) config from main.tf:14,1-35
2021/02/10 11:19:08 [TRACE] AttachResourceConfigTransformer: attaching provider meta configs to ctoa_people.deleporte (destroy)
2021/02/10 11:19:08 [TRACE] Completed graph transform *terraform.AttachResourceConfigTransformer (no changes)
2021/02/10 11:19:08 [TRACE] Executing graph transform *terraform.AttachStateTransformer
2021/02/10 11:19:08 [TRACE] Completed graph transform *terraform.AttachStateTransformer (no changes)
2021/02/10 11:19:08 [TRACE] Executing graph transform *terraform.MissingProvisionerTransformer
2021/02/10 11:19:08 [TRACE] Completed graph transform *terraform.MissingProvisionerTransformer (no changes)
2021/02/10 11:19:08 [TRACE] Executing graph transform *terraform.ProvisionerTransformer
2021/02/10 11:19:08 [TRACE] Completed graph transform *terraform.ProvisionerTransformer (no changes)
2021/02/10 11:19:08 [TRACE] Executing graph transform *terraform.RootVariableTransformer
2021/02/10 11:19:08 [TRACE] Completed graph transform *terraform.RootVariableTransformer (no changes)
2021/02/10 11:19:08 [TRACE] Executing graph transform *terraform.LocalTransformer
2021/02/10 11:19:08 [TRACE] Completed graph transform *terraform.LocalTransformer (no changes)
2021/02/10 11:19:08 [TRACE] Executing graph transform *terraform.OutputTransformer
2021/02/10 11:19:08 [TRACE] Completed graph transform *terraform.OutputTransformer (no changes)
2021/02/10 11:19:08 [TRACE] Executing graph transform *terraform.ModuleVariableTransformer
2021/02/10 11:19:08 [TRACE] Completed graph transform *terraform.ModuleVariableTransformer (no changes)
2021/02/10 11:19:08 [TRACE] Executing graph transform *terraform.graphTransformerMulti
2021/02/10 11:19:08 [TRACE] (graphTransformerMulti) Executing graph transform *terraform.ProviderConfigTransformer
2021/02/10 11:19:08 [TRACE] ProviderConfigTransformer: attaching to "provider[\"adeleporte.com/edu/ctoa\"]" provider configuration from main.tf:10,1-16
2021/02/10 11:19:08 [TRACE] (graphTransformerMulti) Completed graph transform *terraform.ProviderConfigTransformer with new graph:
  ctoa_people.deleporte (destroy) - *terraform.NodeDestroyResourceInstance
  ctoa_people.deleporte (expand) - *terraform.nodeExpandApplyableResource
  provider["adeleporte.com/edu/ctoa"] - *terraform.NodeApplyableProvider
  ------
2021/02/10 11:19:08 [TRACE] (graphTransformerMulti) Executing graph transform *terraform.MissingProviderTransformer
2021/02/10 11:19:08 [TRACE] (graphTransformerMulti) Completed graph transform *terraform.MissingProviderTransformer (no changes)
2021/02/10 11:19:08 [TRACE] (graphTransformerMulti) Executing graph transform *terraform.ProviderTransformer
2021/02/10 11:19:08 [TRACE] ProviderTransformer: exact match for provider["adeleporte.com/edu/ctoa"] serving ctoa_people.deleporte (expand)
2021/02/10 11:19:08 [DEBUG] ProviderTransformer: "ctoa_people.deleporte (expand)" (*terraform.nodeExpandApplyableResource) needs provider["adeleporte.com/edu/ctoa"]
2021/02/10 11:19:08 [TRACE] ProviderTransformer: exact match for provider["adeleporte.com/edu/ctoa"] serving ctoa_people.deleporte (destroy)
2021/02/10 11:19:08 [DEBUG] ProviderTransformer: "ctoa_people.deleporte (destroy)" (*terraform.NodeDestroyResourceInstance) needs provider["adeleporte.com/edu/ctoa"]
2021/02/10 11:19:08 [TRACE] (graphTransformerMulti) Completed graph transform *terraform.ProviderTransformer with new graph:
  ctoa_people.deleporte (destroy) - *terraform.NodeDestroyResourceInstance
    provider["adeleporte.com/edu/ctoa"] - *terraform.NodeApplyableProvider
  ctoa_people.deleporte (expand) - *terraform.nodeExpandApplyableResource
    provider["adeleporte.com/edu/ctoa"] - *terraform.NodeApplyableProvider
  provider["adeleporte.com/edu/ctoa"] - *terraform.NodeApplyableProvider
  ------
2021/02/10 11:19:08 [TRACE] (graphTransformerMulti) Executing graph transform *terraform.PruneProviderTransformer
2021/02/10 11:19:08 [TRACE] (graphTransformerMulti) Completed graph transform *terraform.PruneProviderTransformer (no changes)
2021/02/10 11:19:08 [TRACE] (graphTransformerMulti) Executing graph transform *terraform.ParentProviderTransformer
2021/02/10 11:19:08 [TRACE] (graphTransformerMulti) Completed graph transform *terraform.ParentProviderTransformer (no changes)
2021/02/10 11:19:08 [TRACE] Completed graph transform *terraform.graphTransformerMulti with new graph:
  ctoa_people.deleporte (destroy) - *terraform.NodeDestroyResourceInstance
    provider["adeleporte.com/edu/ctoa"] - *terraform.NodeApplyableProvider
  ctoa_people.deleporte (expand) - *terraform.nodeExpandApplyableResource
    provider["adeleporte.com/edu/ctoa"] - *terraform.NodeApplyableProvider
  provider["adeleporte.com/edu/ctoa"] - *terraform.NodeApplyableProvider
  ------
2021/02/10 11:19:08 [TRACE] Executing graph transform *terraform.RemovedModuleTransformer
2021/02/10 11:19:08 [TRACE] Completed graph transform *terraform.RemovedModuleTransformer (no changes)
2021/02/10 11:19:08 [TRACE] Executing graph transform *terraform.AttachSchemaTransformer
2021/02/10 11:19:08 [TRACE] AttachSchemaTransformer: attaching resource schema to ctoa_people.deleporte (expand)
2021/02/10 11:19:08 [TRACE] AttachSchemaTransformer: attaching resource schema to ctoa_people.deleporte (destroy)
2021/02/10 11:19:08 [TRACE] AttachSchemaTransformer: attaching provider config schema to provider["adeleporte.com/edu/ctoa"]
2021/02/10 11:19:08 [TRACE] Completed graph transform *terraform.AttachSchemaTransformer (no changes)
2021/02/10 11:19:08 [TRACE] Executing graph transform *terraform.ModuleExpansionTransformer
2021/02/10 11:19:08 [TRACE] Completed graph transform *terraform.ModuleExpansionTransformer (no changes)
2021/02/10 11:19:08 [TRACE] Executing graph transform *terraform.ReferenceTransformer
2021/02/10 11:19:08 [DEBUG] ReferenceTransformer: "ctoa_people.deleporte (expand)" references: []
2021/02/10 11:19:08 [DEBUG] ReferenceTransformer: "provider[\"adeleporte.com/edu/ctoa\"]" references: []
2021/02/10 11:19:08 [TRACE] Completed graph transform *terraform.ReferenceTransformer (no changes)
2021/02/10 11:19:08 [TRACE] Executing graph transform *terraform.AttachDependenciesTransformer
2021/02/10 11:19:08 [TRACE] Completed graph transform *terraform.AttachDependenciesTransformer (no changes)
2021/02/10 11:19:08 [TRACE] Executing graph transform *terraform.ForcedCBDTransformer
2021/02/10 11:19:08 [TRACE] ForcedCBDTransformer: "ctoa_people.deleporte (destroy)" (*terraform.NodeDestroyResourceInstance) has no CBD descendent, so skipping
2021/02/10 11:19:08 [TRACE] Completed graph transform *terraform.ForcedCBDTransformer (no changes)
2021/02/10 11:19:08 [TRACE] Executing graph transform *terraform.DestroyEdgeTransformer
2021/02/10 11:19:08 [TRACE] DestroyEdgeTransformer: "ctoa_people.deleporte (destroy)" (*terraform.NodeDestroyResourceInstance) destroys ctoa_people.deleporte
2021/02/10 11:19:08 [TRACE] Completed graph transform *terraform.DestroyEdgeTransformer (no changes)
2021/02/10 11:19:08 [TRACE] Executing graph transform *terraform.CBDEdgeTransformer
2021/02/10 11:19:08 [TRACE] Completed graph transform *terraform.CBDEdgeTransformer (no changes)
2021/02/10 11:19:08 [TRACE] Executing graph transform *terraform.destroyRootOutputTransformer
2021/02/10 11:19:08 [TRACE] Completed graph transform *terraform.destroyRootOutputTransformer (no changes)
2021/02/10 11:19:08 [TRACE] Executing graph transform *terraform.pruneUnusedNodesTransformer
2021/02/10 11:19:08 [DEBUG] pruneUnusedNodes: ctoa_people.deleporte (expand) is no longer needed, removing
2021/02/10 11:19:08 [TRACE] Completed graph transform *terraform.pruneUnusedNodesTransformer with new graph:
  ctoa_people.deleporte (destroy) - *terraform.NodeDestroyResourceInstance
    provider["adeleporte.com/edu/ctoa"] - *terraform.NodeApplyableProvider
  provider["adeleporte.com/edu/ctoa"] - *terraform.NodeApplyableProvider
  ------
2021/02/10 11:19:08 [TRACE] Executing graph transform *terraform.TargetsTransformer
2021/02/10 11:19:08 [TRACE] Completed graph transform *terraform.TargetsTransformer (no changes)
2021/02/10 11:19:08 [TRACE] Executing graph transform *terraform.CountBoundaryTransformer
2021/02/10 11:19:08 [TRACE] Completed graph transform *terraform.CountBoundaryTransformer with new graph:
  ctoa_people.deleporte (destroy) - *terraform.NodeDestroyResourceInstance
    provider["adeleporte.com/edu/ctoa"] - *terraform.NodeApplyableProvider
  meta.count-boundary (EachMode fixup) - *terraform.NodeCountBoundary
    ctoa_people.deleporte (destroy) - *terraform.NodeDestroyResourceInstance
    provider["adeleporte.com/edu/ctoa"] - *terraform.NodeApplyableProvider
  provider["adeleporte.com/edu/ctoa"] - *terraform.NodeApplyableProvider
  ------
2021/02/10 11:19:08 [TRACE] Executing graph transform *terraform.CloseProviderTransformer
2021/02/10 11:19:08 [TRACE] Completed graph transform *terraform.CloseProviderTransformer with new graph:
  ctoa_people.deleporte (destroy) - *terraform.NodeDestroyResourceInstance
    provider["adeleporte.com/edu/ctoa"] - *terraform.NodeApplyableProvider
  meta.count-boundary (EachMode fixup) - *terraform.NodeCountBoundary
    ctoa_people.deleporte (destroy) - *terraform.NodeDestroyResourceInstance
    provider["adeleporte.com/edu/ctoa"] - *terraform.NodeApplyableProvider
  provider["adeleporte.com/edu/ctoa"] - *terraform.NodeApplyableProvider
  provider["adeleporte.com/edu/ctoa"] (close) - *terraform.graphNodeCloseProvider
    ctoa_people.deleporte (destroy) - *terraform.NodeDestroyResourceInstance
    provider["adeleporte.com/edu/ctoa"] - *terraform.NodeApplyableProvider
  ------
2021/02/10 11:19:08 [TRACE] Executing graph transform *terraform.CloseProvisionerTransformer
2021/02/10 11:19:08 [TRACE] Completed graph transform *terraform.CloseProvisionerTransformer (no changes)
2021/02/10 11:19:08 [TRACE] Executing graph transform *terraform.applyDestroyNodeReferenceFixupTransformer
2021/02/10 11:19:08 [TRACE] Completed graph transform *terraform.applyDestroyNodeReferenceFixupTransformer (no changes)
2021/02/10 11:19:08 [TRACE] Executing graph transform *terraform.CloseRootModuleTransformer
2021/02/10 11:19:08 [TRACE] Completed graph transform *terraform.CloseRootModuleTransformer with new graph:
  ctoa_people.deleporte (destroy) - *terraform.NodeDestroyResourceInstance
    provider["adeleporte.com/edu/ctoa"] - *terraform.NodeApplyableProvider
  meta.count-boundary (EachMode fixup) - *terraform.NodeCountBoundary
    ctoa_people.deleporte (destroy) - *terraform.NodeDestroyResourceInstance
    provider["adeleporte.com/edu/ctoa"] - *terraform.NodeApplyableProvider
  provider["adeleporte.com/edu/ctoa"] - *terraform.NodeApplyableProvider
  provider["adeleporte.com/edu/ctoa"] (close) - *terraform.graphNodeCloseProvider
    ctoa_people.deleporte (destroy) - *terraform.NodeDestroyResourceInstance
    provider["adeleporte.com/edu/ctoa"] - *terraform.NodeApplyableProvider
  root - *terraform.nodeCloseModule
    meta.count-boundary (EachMode fixup) - *terraform.NodeCountBoundary
    provider["adeleporte.com/edu/ctoa"] (close) - *terraform.graphNodeCloseProvider
  ------
2021/02/10 11:19:08 [TRACE] Executing graph transform *terraform.TransitiveReductionTransformer
2021/02/10 11:19:08 [TRACE] Completed graph transform *terraform.TransitiveReductionTransformer with new graph:
  ctoa_people.deleporte (destroy) - *terraform.NodeDestroyResourceInstance
    provider["adeleporte.com/edu/ctoa"] - *terraform.NodeApplyableProvider
  meta.count-boundary (EachMode fixup) - *terraform.NodeCountBoundary
    ctoa_people.deleporte (destroy) - *terraform.NodeDestroyResourceInstance
  provider["adeleporte.com/edu/ctoa"] - *terraform.NodeApplyableProvider
  provider["adeleporte.com/edu/ctoa"] (close) - *terraform.graphNodeCloseProvider
    ctoa_people.deleporte (destroy) - *terraform.NodeDestroyResourceInstance
  root - *terraform.nodeCloseModule
    meta.count-boundary (EachMode fixup) - *terraform.NodeCountBoundary
    provider["adeleporte.com/edu/ctoa"] (close) - *terraform.graphNodeCloseProvider
  ------
2021/02/10 11:19:08 [DEBUG] Starting graph walk: walkDestroy
2021/02/10 11:19:08 [TRACE] dag/walk: visiting "provider[\"adeleporte.com/edu/ctoa\"]"
2021/02/10 11:19:08 [TRACE] vertex "provider[\"adeleporte.com/edu/ctoa\"]": starting visit (*terraform.NodeApplyableProvider)
2021/02/10 11:19:08 [TRACE] vertex "provider[\"adeleporte.com/edu/ctoa\"]": evaluating
2021/02/10 11:19:08 [TRACE] [walkDestroy] Entering eval tree: provider["adeleporte.com/edu/ctoa"]
2021/02/10 11:19:08 [TRACE] eval: *terraform.EvalSequence
2021/02/10 11:19:08 [TRACE] eval: *terraform.EvalInitProvider
2021-02-10T11:19:08.020+0100 [INFO]  plugin: configuring client automatic mTLS
2021-02-10T11:19:08.049+0100 [DEBUG] plugin: starting plugin: path=.terraform/plugins/adeleporte.com/edu/ctoa/0.1.0/darwin_amd64/terraform-provider-ctoa args=[.terraform/plugins/adeleporte.com/edu/ctoa/0.1.0/darwin_amd64/terraform-provider-ctoa]
2021-02-10T11:19:08.051+0100 [DEBUG] plugin: plugin started: path=.terraform/plugins/adeleporte.com/edu/ctoa/0.1.0/darwin_amd64/terraform-provider-ctoa pid=20523
2021-02-10T11:19:08.051+0100 [DEBUG] plugin: waiting for RPC address: path=.terraform/plugins/adeleporte.com/edu/ctoa/0.1.0/darwin_amd64/terraform-provider-ctoa
2021-02-10T11:19:08.061+0100 [INFO]  plugin.terraform-provider-ctoa: configuring server automatic mTLS: timestamp=2021-02-10T11:19:08.061+0100
2021-02-10T11:19:08.087+0100 [DEBUG] plugin: using plugin: version=5
2021-02-10T11:19:08.087+0100 [DEBUG] plugin.terraform-provider-ctoa: plugin address: network=unix address=/var/folders/8j/8vps82vn4nx4kch94m513p4r0000gp/T/plugin377232318 timestamp=2021-02-10T11:19:08.087+0100
2021/02/10 11:19:08 [TRACE] BuiltinEvalContext: Initialized "provider[\"adeleporte.com/edu/ctoa\"]" provider for provider["adeleporte.com/edu/ctoa"]
2021/02/10 11:19:08 [TRACE] eval: terraform.EvalNoop
2021/02/10 11:19:08 [TRACE] eval: *terraform.EvalOpFilter
2021-02-10T11:19:08.136+0100 [TRACE] plugin.stdio: waiting for stdio data
2021/02/10 11:19:08 [TRACE] eval: *terraform.EvalSequence
2021/02/10 11:19:08 [TRACE] eval: *terraform.EvalGetProvider
2021/02/10 11:19:08 [TRACE] eval: *terraform.EvalOpFilter
2021/02/10 11:19:08 [TRACE] eval: *terraform.EvalSequence
2021/02/10 11:19:08 [TRACE] eval: *terraform.EvalConfigProvider
2021/02/10 11:19:08 [TRACE] buildProviderConfig for provider["adeleporte.com/edu/ctoa"]: using explicit config only
2021/02/10 11:19:08 [TRACE] GRPCProvider: GetSchema
2021/02/10 11:19:08 [TRACE] GRPCProvider: Configure
2021/02/10 11:19:08 [TRACE] eval: terraform.EvalNoop
2021/02/10 11:19:08 [TRACE] [walkDestroy] Exiting eval tree: provider["adeleporte.com/edu/ctoa"]
2021/02/10 11:19:08 [TRACE] vertex "provider[\"adeleporte.com/edu/ctoa\"]": visit complete
2021/02/10 11:19:08 [TRACE] dag/walk: visiting "ctoa_people.deleporte (destroy)"
2021/02/10 11:19:08 [TRACE] vertex "ctoa_people.deleporte (destroy)": starting visit (*terraform.NodeDestroyResourceInstance)
2021/02/10 11:19:08 [TRACE] vertex "ctoa_people.deleporte (destroy)": evaluating
2021/02/10 11:19:08 [TRACE] [walkDestroy] Entering eval tree: ctoa_people.deleporte (destroy)
2021/02/10 11:19:08 [TRACE] eval: *terraform.EvalOpFilter
2021/02/10 11:19:08 [TRACE] eval: *terraform.EvalSequence
2021/02/10 11:19:08 [TRACE] eval: *terraform.EvalGetProvider
2021/02/10 11:19:08 [TRACE] eval: *terraform.EvalReadDiff
2021/02/10 11:19:08 [TRACE] EvalReadDiff: Read Delete change from plan for ctoa_people.deleporte
2021/02/10 11:19:08 [TRACE] eval: *terraform.EvalReduceDiff
2021/02/10 11:19:08 [TRACE] eval: *terraform.EvalIf
2021/02/10 11:19:08 [TRACE] eval: terraform.EvalNoop
2021/02/10 11:19:08 [TRACE] eval: *terraform.EvalReadState
2021/02/10 11:19:08 [TRACE] EvalReadState: reading state for ctoa_people.deleporte
2021/02/10 11:19:08 [TRACE] UpgradeResourceState: schema version of ctoa_people.deleporte is still 0; calling provider "ctoa" for any other minor fixups
2021/02/10 11:19:08 [TRACE] GRPCProvider: UpgradeResourceState
2021/02/10 11:19:08 [TRACE] eval: *terraform.EvalRequireState
2021/02/10 11:19:08 [TRACE] eval: *terraform.EvalApplyPre
2021/02/10 11:19:08 [TRACE] eval: *terraform.EvalIf
2021/02/10 11:19:08 [TRACE] eval: *terraform.EvalApplyProvisioners
2021/02/10 11:19:08 [TRACE] eval: *terraform.EvalIf
2021/02/10 11:19:08 [TRACE] eval: *terraform.EvalIf
2021/02/10 11:19:08 [TRACE] eval: *terraform.EvalSequence
2021/02/10 11:19:08 [TRACE] eval: *terraform.EvalApply
2021/02/10 11:19:08 [DEBUG] EvalApply: ProviderMeta config value set
2021/02/10 11:19:08 [DEBUG] ctoa_people.deleporte: applying the planned Delete change
2021/02/10 11:19:08 [TRACE] GRPCProvider: ApplyResourceChange
2021-02-10T11:19:08.142+0100 [DEBUG] plugin.terraform-provider-ctoa: panic: interface conversion: interface {} is nil, not string
2021-02-10T11:19:08.142+0100 [DEBUG] plugin.terraform-provider-ctoa: 
2021-02-10T11:19:08.142+0100 [DEBUG] plugin.terraform-provider-ctoa: goroutine 32 [running]:
2021-02-10T11:19:08.142+0100 [DEBUG] plugin.terraform-provider-ctoa: main.resourcePeopleDelete(0x1939e20, 0xc0003b0a20, 0xc00004c900, 0x176d360, 0xc0004c8560, 0xc0000327c0, 0xc0003bf7a8, 0x100ff58)
2021-02-10T11:19:08.142+0100 [DEBUG] plugin.terraform-provider-ctoa: 	/Users/adeleporte/go/src/github.com/adeleporte/ctoa-api/terraform-provider-ctoa/resourcePeople.go:78 +0x10c
2021-02-10T11:19:08.142+0100 [DEBUG] plugin.terraform-provider-ctoa: github.com/hashicorp/terraform-plugin-sdk/v2/helper/schema.(*Resource).delete(0xc00018e6c0, 0x1939da0, 0xc000220b80, 0xc00004c900, 0x176d360, 0xc0004c8560, 0x0, 0x0, 0x0)
2021-02-10T11:19:08.142+0100 [DEBUG] plugin.terraform-provider-ctoa: 	/Users/adeleporte/go/pkg/mod/github.com/hashicorp/terraform-plugin-sdk/v2@v2.4.2/helper/schema/resource.go:321 +0x1ea
2021-02-10T11:19:08.142+0100 [DEBUG] plugin.terraform-provider-ctoa: github.com/hashicorp/terraform-plugin-sdk/v2/helper/schema.(*Resource).Apply(0xc00018e6c0, 0x1939da0, 0xc000220b80, 0xc0001f81c0, 0xc00000e640, 0x176d360, 0xc0004c8560, 0x0, 0x0, 0x0, ...)
2021-02-10T11:19:08.142+0100 [DEBUG] plugin.terraform-provider-ctoa: 	/Users/adeleporte/go/pkg/mod/github.com/hashicorp/terraform-plugin-sdk/v2@v2.4.2/helper/schema/resource.go:368 +0x90e
2021-02-10T11:19:08.142+0100 [DEBUG] plugin.terraform-provider-ctoa: github.com/hashicorp/terraform-plugin-sdk/v2/helper/schema.(*GRPCProviderServer).ApplyResourceChange(0xc0002642e0, 0x1939da0, 0xc000220b80, 0xc00027c3c0, 0xc000220b80, 0xc0003b0300, 0x19438e0)
2021-02-10T11:19:08.142+0100 [DEBUG] plugin.terraform-provider-ctoa: 	/Users/adeleporte/go/pkg/mod/github.com/hashicorp/terraform-plugin-sdk/v2@v2.4.2/helper/schema/grpc_provider.go:955 +0x8cf
2021-02-10T11:19:08.142+0100 [DEBUG] plugin.terraform-provider-ctoa: github.com/hashicorp/terraform-plugin-go/tfprotov5/server.(*server).ApplyResourceChange(0xc0002644a0, 0x1939da0, 0xc000220b80, 0xc0001f8000, 0xc0002644a0, 0xc0002327b0, 0xc000278ba0)
2021-02-10T11:19:08.142+0100 [DEBUG] plugin.terraform-provider-ctoa: 	/Users/adeleporte/go/pkg/mod/github.com/hashicorp/terraform-plugin-go@v0.2.1/tfprotov5/server/server.go:332 +0xae
2021-02-10T11:19:08.142+0100 [DEBUG] plugin.terraform-provider-ctoa: github.com/hashicorp/terraform-plugin-go/tfprotov5/internal/tfplugin5._Provider_ApplyResourceChange_Handler(0x1819ae0, 0xc0002644a0, 0x1939e60, 0xc0002327b0, 0xc0003b03c0, 0x0, 0x1939e60, 0xc0002327b0, 0xc0003cc0e0, 0x62)
2021-02-10T11:19:08.142+0100 [DEBUG] plugin.terraform-provider-ctoa: 	/Users/adeleporte/go/pkg/mod/github.com/hashicorp/terraform-plugin-go@v0.2.1/tfprotov5/internal/tfplugin5/tfplugin5_grpc.pb.go:380 +0x214
2021-02-10T11:19:08.142+0100 [DEBUG] plugin.terraform-provider-ctoa: google.golang.org/grpc.(*Server).processUnaryRPC(0xc0002aee00, 0x1941960, 0xc000390d80, 0xc0003c6000, 0xc0000ae750, 0x1d59da0, 0x0, 0x0, 0x0)
2021-02-10T11:19:08.142+0100 [DEBUG] plugin.terraform-provider-ctoa: 	/Users/adeleporte/go/pkg/mod/google.golang.org/grpc@v1.32.0/server.go:1194 +0x522
2021-02-10T11:19:08.142+0100 [DEBUG] plugin.terraform-provider-ctoa: google.golang.org/grpc.(*Server).handleStream(0xc0002aee00, 0x1941960, 0xc000390d80, 0xc0003c6000, 0x0)
2021-02-10T11:19:08.142+0100 [DEBUG] plugin.terraform-provider-ctoa: 	/Users/adeleporte/go/pkg/mod/google.golang.org/grpc@v1.32.0/server.go:1517 +0xd05
2021-02-10T11:19:08.142+0100 [DEBUG] plugin.terraform-provider-ctoa: google.golang.org/grpc.(*Server).serveStreams.func1.2(0xc000036240, 0xc0002aee00, 0x1941960, 0xc000390d80, 0xc0003c6000)
2021-02-10T11:19:08.142+0100 [DEBUG] plugin.terraform-provider-ctoa: 	/Users/adeleporte/go/pkg/mod/google.golang.org/grpc@v1.32.0/server.go:859 +0xa5
2021-02-10T11:19:08.142+0100 [DEBUG] plugin.terraform-provider-ctoa: created by google.golang.org/grpc.(*Server).serveStreams.func1
2021-02-10T11:19:08.142+0100 [DEBUG] plugin.terraform-provider-ctoa: 	/Users/adeleporte/go/pkg/mod/google.golang.org/grpc@v1.32.0/server.go:857 +0x1fd
2021-02-10T11:19:08.143+0100 [WARN]  plugin.stdio: received EOF, stopping recv loop: err="rpc error: code = Unavailable desc = transport is closing"
2021/02/10 11:19:08 [DEBUG] ctoa_people.deleporte: apply errored, but we're indicating that via the Error pointer rather than returning it: rpc error: code = Unavailable desc = transport is closing
2021/02/10 11:19:08 [TRACE] eval: *terraform.EvalWriteState
2021/02/10 11:19:08 [TRACE] EvalWriteState: writing current state object for ctoa_people.deleporte
2021/02/10 11:19:08 [TRACE] eval: *terraform.EvalApplyPost
2021/02/10 11:19:08 [ERROR] eval: *terraform.EvalApplyPost, err: rpc error: code = Unavailable desc = transport is closing
2021/02/10 11:19:08 [ERROR] eval: *terraform.EvalSequence, err: rpc error: code = Unavailable desc = transport is closing
2021/02/10 11:19:08 [ERROR] eval: *terraform.EvalOpFilter, err: rpc error: code = Unavailable desc = transport is closing
2021/02/10 11:19:08 [TRACE] [walkDestroy] Exiting eval tree: ctoa_people.deleporte (destroy)
2021/02/10 11:19:08 [TRACE] vertex "ctoa_people.deleporte (destroy)": visit complete
2021/02/10 11:19:08 [TRACE] dag/walk: upstream of "meta.count-boundary (EachMode fixup)" errored, so skipping
2021/02/10 11:19:08 [TRACE] dag/walk: upstream of "provider[\"adeleporte.com/edu/ctoa\"] (close)" errored, so skipping
2021/02/10 11:19:08 [TRACE] dag/walk: upstream of "root" errored, so skipping
2021/02/10 11:19:08 [TRACE] statemgr.Filesystem: not making a backup, because the new snapshot is identical to the old
2021-02-10T11:19:08.144+0100 [DEBUG] plugin: plugin process exited: path=.terraform/plugins/adeleporte.com/edu/ctoa/0.1.0/darwin_amd64/terraform-provider-ctoa pid=20523 error="exit status 2"
2021/02/10 11:19:08 [TRACE] statemgr.Filesystem: no state changes since last snapshot
2021/02/10 11:19:08 [TRACE] statemgr.Filesystem: writing snapshot at terraform.tfstate
2021/02/10 11:19:08 [TRACE] statemgr.Filesystem: removing lock metadata file .terraform.tfstate.lock.info
2021/02/10 11:19:08 [TRACE] statemgr.Filesystem: unlocking terraform.tfstate using fcntl flock
2021-02-10T11:19:08.154+0100 [DEBUG] plugin: plugin exited
2021-02-10T11:19:08.154+0100 [WARN]  plugin.stdio: received EOF, stopping recv loop: err="rpc error: code = Unavailable desc = transport is closing"
2021-02-10T11:19:08.156+0100 [DEBUG] plugin: plugin process exited: path=.terraform/plugins/adeleporte.com/edu/ctoa/0.1.0/darwin_amd64/terraform-provider-ctoa pid=20512
2021-02-10T11:19:08.156+0100 [DEBUG] plugin: plugin exited
